  19d21c: 47 40 11 1e 
  19e6ac: 47  0 11 1f 
  4464f8: 47 40 11 10 
  4483d0: 47  0 11 11 
  6ef2b0: 47 40 11 12 
  6f07fc: 47  0 11 13 
  9a4014: 47 40 11 14 
  9a4828: 47  0 11 15 
  c48690: 47 40 11 16 
  c4a858: 47  0 11 17 
  ef52b4: 47 40 11 18 
  ef7538: 47  0 11 19 
 119f730: 47 40 11 1a 
 11a1608: 47  0 11 1b 
 144b270: 47 40 11 1c 
 144cc24: 47  0 11 1d 
 16f75c4: 47 40 11 1e 
 16f9904: 47  0 11 1f 
 19a28f0: 47 40 11 10 
 19a36e4: 47  0 11 11 
 1c4ce28: 47 40 11 12 
 1c4eff0: 47  0 11 13 
 1ef9c80: 47 40 11 14 
 1efbcd0: 47  0 11 15 
 21a40fc: 47 40 11 16 
 21a5da0: 47  0 11 17 
 2455980: 47 40 11 18 
 2456250: 47  0 11 19 
 26fc33c: 47 40 11 1a 
 26fe158: 47  0 11 1b 
 29a64c8: 47 40 11 1c 
 29a816c: 47  0 11 1d 
 2c518b0: 47 40 11 1e 
 2c53844: 47  0 11 1f 
 2ef81b0: 47 40 11 10 
 2ef8b3c: 47  0 11 11 
 31a5d40: 47 40 11 12 
 31a728c: 47  0 11 13 
 3453bc0: 47 40 11 14 
 3455c10: 47  0 11 15 
 37004f4: 47 40 11 16 
 37029ac: 47  0 11 17 
 39aac60: 47 40 11 18 
 39ac9c0: 47  0 11 19 
 3c59b08: 47 40 11 1a 
 3c5ae20: 47  0 11 1b 
 3f028c0: 47 40 11 1c 
 3f04cbc: 47  0 11 1d 
 41acc80: 47 40 11 1e 
 41aed8c: 47  0 11 1f 
 44587c0: 47 40 11 10 
 445a464: 47  0 11 11 
 470874c: 47 40 11 12 
 47099a8: 47  0 11 13 
 49b39bc: 47 40 11 14 
 49b4928: 47  0 11 15 
 4c5536c: 47 40 11 16 
 4c55e70: 47  0 11 17 
 4f029d8: 47 40 11 18 
 4f03cf0: 47  0 11 19 
 51b135c: 47 40 11 1a 
 51b35e0: 47  0 11 1b 
 545b1f8: 47 40 11 1c 
 545cd24: 47  0 11 1d 
 570c49c: 47 40 11 1e 
 570dc1c: 47  0 11 1f 
 59afbac: 47 40 11 10 
 59b0c90: 47  0 11 11 
 5c5e0c8: 47 40 11 12 
 5c5fee4: 47  0 11 13 
 5f0be8c: 47 40 11 14 
 5f0dca8: 47  0 11 15 
 61b1e00: 47 40 11 16 
 61b2848: 47  0 11 17 
 645f6a0: 47 40 11 18 
 64609b8: 47  0 11 19 
 67131a8: 47 40 11 1a 
 6713900: 47  0 11 1b 
 69b855c: 47 40 11 1c 
 69ba200: 47  0 11 1d 
 6c63a00: 47 40 11 1e 
 6c658d8: 47  0 11 1f 
 6f0ff88: 47 40 11 10 
 6f124fc: 47  0 11 11 
 71ba638: 47 40 11 12 
 71bc5cc: 47  0 11 13 
 7465b98: 47 40 11 14 
 7467be8: 47  0 11 15 
 7717da8: 47 40 11 16 
 77188ac: 47  0 11 17 
 79c14ec: 47 40 11 18 
 79c3308: 47  0 11 19 
 7c67ea8: 47 40 11 1a 
 7c6a070: 47  0 11 1b 
 7f14898: 47 40 11 1c 
 7f16d50: 47  0 11 1d 
 81bd41c: 47 40 11 1e 
 81bee8c: 47  0 11 1f 
 84677dc: 47 40 11 10 
 84688c0: 47  0 11 11 
 8717188: 47 40 11 12 
 871911c: 47  0 11 13 
 89c3710: 47 40 11 14 
 89c6498: 47  0 11 15 
 8c6cb64: 47 40 11 16 
 8c6e808: 47  0 11 17 
 8f1823c: 47 40 11 18 
 8f19ee0: 47  0 11 19 
 91c6000: 47 40 11 1a 
 91c8864: 47  0 11 1b 
